1-1 
1-1 
1-1 
1-1 
1-1 
1-0 2-1 3-3 4-5 5-14 7-3 8-7 10-1 11-8 13-10 14-12 15-12 18-10 21-11 22-12 24-19 


0-1 1-8 3-2 8-7 9-8 10-9 12-10 13-8 15-12 
0-0 1-0 3-10 5-3 6-10 8-1 9-0 11-8 12-0 14-10 15-6 18-13 
1-1 
0-2 4-10 5-8 7-10 8-8 10-10 14-5 17-21 
0-8 1-12 2-8 4-6 6-10 7-19 13-10 14-11 16-6 17-19 20-23 
0-8 3-8 4-21 7-20 8-22 9-20 11-20 13-11 16-23 
0-1 1-1 3-3 
1-1 
0-5 1-19 2-5 3-5 4-19 5-4 8-15 9-15 11-4 12-9 14-4 17-18 19-19 22-22 
0-1 1-1 3-0 4-1 6-4 
0-0 2-2 3-3 6-6 10-0 12-11 13-2 16-14 
0-2 1-3 3-4 4-14 5-2 7-0 10-2 12-7 13-14 15-13 16-0 19-5 21-0 23-17 
0-1 1-3 3-2 4-3 5-0 6-0 9-6 10-7 12-13 17-15 19-7 22-16 
1-9 3-6 4-3 6-3 7-3 9-9 
0-11 1-0 2-0 3-1 4-4 5-8 6-11 7-1 8-8 10-10 11-1 13-13 
3-1 
0-1 1-7 3-3 4-18 5-4 6-7 7-18 9-6 10-7 12-9 13-7 15-3 16-4 18-21 19-0 21-6 22-21 26-26 
4-2 
0-6 1-2 2-0 3-2 4-12 7-6 8-6 10-12 12-0 15-14 
0-2 2-2 3-3 4-4 5-2 6-3 7-6 
0-6 1-19 3-9 5-19 8-9 11-6 12-19 14-3 16-18 17-17 18-18 22-23 
0-1 2-1 5-6 7-7 10-7 12-8 15-10 
0-8 1-4 2-9 4-16 5-7 6-9 8-16 9-8 11-11 14-3 15-9 17-10 19-11 21-6 23-19 
1-2 3-5 4-8 7-5 8-0 10-5 11-3 13-5 14-3 16-5 18-13 
0-9 1-1 3-4 4-6 5-16 7-4 8-8 9-9 11-16 13-18 16-18 18-20 
0-14 3-2 6-5 7-7 8-10 10-5 12-12 13-9 17-17 18-15 22-15 24-19 26-22 
0-0 7-7 10-9 11-9 12-10 13-10 15-10 16-14 18-16 
0-11 1-2 2-11 3-2 4-9 7-1 8-3 10-9 12-9 13-11 15-13 
3-2 5-3 
0-1 1-2 3-8 4-6 6-3 7-5 8-3 10-8 11-13 13-10 15-8 16-5 17-11 19-8 20-13 21-5 23-15 
0-0 2-2 3-0 7-6 11-10 14-9 15-14 
0-7 2-1 3-20 4-10 6-20 8-1 10-20 11-7 12-9 13-10 18-13 20-12 21-7 23-12 24-12 25-23 
0-0 1-0 4-0 6-11 7-0 9-11 11-13 
0-0 3-5 6-9 7-5 9-9 10-5 12-7 13-9 14-5 16-9 17-5 24-5 27-21 
3-2 4-0 5-2 7-5 
0-0 1-16 4-0 6-6 7-7 9-9 11-13 14-0 16-9 17-3 20-20 


0-19 3-4 4-1 5-7 7-7 8-7 10-7 12-7 14-15 15-15 17-15 18-19 
2-15 4-1 6-5 7-1 10-9 11-1 14-13 15-14 16-14 17-15 21-5 22-3 24-12 26-23 
0-3 2-10 4-0 6-6 7-7 8-7 10-10 12-2 15-2 17-12 
0-0 2-0 4-4 7-5 9-13 10-17 12-19 14-9 15-10 19-21 
0-5 3-20 4-2 6-15 7-11 8-5 9-10 12-15 13-5 15-15 16-18 17-3 19-8 20-20 23-23 
0-0 2-9 3-0 4-7 5-7 6-7 7-2 8-2 10-6 13-0 15-6 16-6 19-6 21-6 22-0 24-14 
0-15 1-17 2-0 3-19 4-17 6-0 8-17 9-15 11-18 13-17 14-8 16-3 17-3 22-20 
0-12 1-2 2-12 3-2 4-5 5-11 7-5 8-5 9-7 10-0 12-7 13-3 15-14 
0-13 2-17 5-6 8-8 9-8 10-9 11-14 13-8 14-11 16-16 17-13 18-13 20-3 22-16 23-16 24-18 26-21 
0-1 1-1 2-2 3-1 4-3 5-2 6-1 8-5 
0-19 1-1 2-2 3-2 4-17 7-12 9-12 11-12 12-22 15-12 17-12 19-3 21-12 22-15 24-21 26-21 27-2 28-19 29-25 
0-2 2-2 4-6 5-2 6-2 8-9 9-2 10-14 16-17 
0-6 2-15 3-4 7-4 9-4 12-4 14-4 16-8 18-15 
0-3 3-6 4-9 6-9 8-19 10-9 11-24 13-12 15-0 16-12 18-19 19-1 22-19 25-26 
0-1 1-2 3-2 4-3 6-2 8-10 
0-1 2-5 3-2 6-5 12-10 
0-6 2-1 4-3 5-3 6-3 8-2 10-6 12-6 15-10 
0-17 1-15 3-14 4-8 6-17 7-14 8-8 11-15 12-7 14-14 15-8 17-0 19-17 20-17 21-15 22-7 25-17 28-19 
0-1 2-1 
2-2 3-26 5-7 6-25 9-12 10-26 16-25 18-23 20-18 21-6 22-24 23-25 24-18 26-28 
1-1 
0-21 3-4 5-1 6-7 7-1 8-6 10-4 11-10 14-22 15-7 17-16 18-10 20-17 21-18 22-10 25-27 
0-1 3-6 4-11 5-1 6-23 7-3 9-1 11-20 13-6 14-3 17-11 19-1 22-21 23-3 24-23 27-27 
0-0 2-3 4-5 7-5 9-9 10-3 12-5 15-17 
0-10 1-10 2-0 3-7 4-12 5-10 7-1 8-4 10-6 11-6 13-12 14-6 16-9 17-9 19-12 
0-13 2-11 5-6 7-23 9-21 11-13 13-11 14-14 15-16 16-6 18-11 19-15 20-16 21-26 22-21 26-16 28-28 
0-3 3-2 4-3 6-5 8-7 10-9 11-2 13-3 17-14 
0-1 1-7 3-2 6-9 8-11 9-7 10-0 11-15 12-11 13-6 16-11 17-7 19-16 
0-13 1-5 4-5 7-3 9-5 10-6 12-5 15-16 
3-2 4-6 6-8 8-10 
0-0 4-4 
0-5 4-5 7-0 9-7 
1-1 
0-1 1-2 3-2 5-9 6-6 7-3 8-3 9-4 10-17 11-4 12-7 16-2 18-9 19-17 21-7 23-18 
0-1 1-3 3-2 4-4 6-6 7-4 8-9 10-6 11-6 13-11 
1-1 2-2 3-2 4-5 6-1 8-2 10-12 12-20 14-19 17-19 19-19 20-19 21-20 22-1 
0-1 2-6 3-1 5-9 6-9 9-1 10-6 13-9 15-6 16-9 17-12 18-6 19-1 20-2 22-6 23-1 25-16 26-6 27-1 29-19 
0-4 2-2 6-9 8-11 9-9 12-6 13-23 16-18 17-22 18-22 19-22 21-9 23-26 
0-8 4-8 7-8 8-4 13-13 
1-6 2-4 4-7 5-6 7-4 9-6 10-1 11-2 14-6 17-9 20-14 
0-0 1-0 2-5 3-0 4-2 5-10 6-5 8-10 9-3 11-7 12-9 13-5 14-10 16-12 
0-11 2-3 6-3 14-9 15-7 16-3 18-7 19-3 20-11 21-13 
0-20 2-1 3-8 5-1 6-20 9-23 10-8 11-7 13-16 15-2 17-1 19-19 20-23 21-20 23-2 25-24 
0-1 1-2 2-1 3-2 4-1 6-11 7-6 8-6 9-8 11-11 12-6 13-6 15-11 16-1 18-11 19-9 21-14 
0-10 1-2 4-2 6-9 9-9 15-14 
0-0 2-8 5-0 6-4 7-4 9-12 10-4 12-4 13-18 15-4 16-8 17-9 18-19 
1-11 2-6 4-1 6-1 9-0 11-1 12-13 13-18 15-13 16-17 17-18 19-20 21-22 
0-7 1-1 3-3 6-6 7-7 8-17 9-22 10-4 11-8 12-14 14-11 17-7 18-1 20-4 21-11 22-2 23-24 
3-0 5-6 6-7 8-9 9-6 10-7 12-13 13-15 14-15 15-16 
4-3 6-5 7-6 8-7 9-11 11-5 13-11 
0-20 1-0 2-7 5-5 6-8 8-0 9-11 12-7 13-8 15-16 16-10 17-5 
0-3 2-0 4-11 5-12 8-0 9-7 13-12 15-14 18-11 19-1 21-17 
1-1 2-0 4-4 
1-19 2-27 3-1 6-19 7-9 9-9 11-4 12-0 13-12 15-15 16-1 18-0 19-18 20-20 21-25 23-19 25-20 26-25 28-29 
0-1 3-1 4-6 6-3 8-8 
0-0 1-1 2-0 3-1 4-2 7-5 8-2 10-7 13-14 
2-0 5-4 6-0 8-8 9-0 12-8 13-0 16-8 17-0 18-12 19-12 20-8 21-0 23-14 25-22 
0-3 2-2 3-1 4-6 6-2 7-9 8-6 9-0 10-9 13-12 
1-1 3-1 4-1 6-1 7-1 10-1 12-1 13-5 14-6 16-8 
0-1 1-3 3-2 4-3 7-0 9-8 11-3 14-3 16-13 
0-9 1-0 3-3 4-8 6-3 7-4 9-9 10-4 11-8 12-8 13-17 14-8 15-17 16-10 18-3 19-1 20-3 21-14 23-9 24-8 27-9 29-21 
0-9 2-8 3-11 4-9 7-9 11-11 13-9 14-0 16-9 20-9 21-3 23-20 
0-2 2-9 3-3 5-10 6-5 7-15 10-9 13-5 14-3 16-5 17-3 19-9 20-3 22-18 
2-3 4-3 6-7 
0-6 2-0 3-6 7-6 9-7 10-0 12-0 14-12 
0-7 1-10 2-1 3-13 4-4 5-15 7-4 8-7 9-2 11-9 12-10 14-3 15-3 16-13 18-5 20-7 22-7 23-13 26-22 
1-0 2-1 3-3 5-5 
0-8 3-6 7-6 8-8 10-21 11-8 13-12 15-21 17-16 18-12 22-6 23-22 25-24 
1-1 2-1 4-4 7-6 9-8 
1-1 2-2 3-1 5-4 
2-1 3-2 6-18 8-2 12-14 13-2 15-15 17-15 19-18 21-20 
0-10 2-3 3-5 4-3 6-3 7-7 8-1 9-1 12-8 13-10 15-12 
0-0 1-1 4-6 5-18 7-21 8-7 10-6 11-18 13-5 14-1 15-15 18-15 20-18 23-21 24-18 25-23 26-23 27-25 
0-0 4-2 6-6 7-4 9-8 
4-3 5-3 7-4 9-9 11-4 14-1 15-19 17-22 
0-1 1-5 3-2 4-5 5-4 7-0 8-4 9-4 11-5 13-5 14-5 16-5 18-5 19-6 21-5 23-5 24-6 26-15 
0-0 2-0 3-0 4-0 9-11 14-17 16-19 17-11 19-19 22-22 
1-1 
0-0 1-2 3-16 5-16 6-17 9-19 10-1 12-16 13-1 16-12 18-14 19-2 21-24 24-25 
0-5 3-1 4-3 5-1 7-1 8-6 13-14 
0-0 1-19 3-2 4-3 7-6 8-16 12-2 14-3 16-19 18-4 19-19 21-0 23-25 
2-6 3-3 4-4 5-17 6-4 7-5 9-6 12-6 14-6 15-16 16-5 19-6 21-17 25-19 
0-1 2-12 5-3 9-10 12-9 13-1 15-5 16-1 18-17 
2-0 5-6 8-6 9-11 
0-6 2-13 3-11 5-1 6-13 9-1 10-6 12-11 13-0 15-8 18-23 
0-0 1-1 4-1 7-0 10-10 
0-3 1-1 2-4 3-3 4-6 6-2 10-6 
0-2 3-2 4-3 5-2 7-2 8-6 9-9 10-7 12-9 13-6 16-12 
0-0 2-0 11-6 
0-0 3-0 5-9 7-11 8-0 10-9 11-11 12-0 14-17 
0-0 3-8 5-5 8-0 14-5 17-19 
0-3 1-1 2-1 3-6 5-1 7-1 9-6 
0-2 1-11 2-3 5-3 7-3 10-10 11-2 13-10 14-2 17-12 
0-4 2-8 4-0 5-9 8-9 10-11 
1-9 2-1 3-2 4-3 7-3 8-6 10-4 11-9 14-6 18-17 
0-9 9-8 10-6 13-5 16-8 17-5 19-8 20-5 22-18 
2-8 5-6 8-8 
0-1 2-0 3-21 5-13 6-22 8-14 9-9 11-10 14-5 16-1 17-22 19-5 20-5 21-0 22-22 25-26 
0-0 2-1 3-1 4-0 
0-5 1-3 2-1 3-3 5-4 8-3 10-4 12-10 
0-1 4-9 8-12 
0-0 3-0 5-5 6-6 8-8 9-5 12-6 14-5 17-0 19-5 20-0 23-8 24-11 27-5 29-23 
0-1 1-5 3-2 4-3 7-7 9-5 11-7 13-7 14-10 16-7 
0-23 3-24 7-23 8-24 11-24 12-0 14-20 16-16 17-24 18-0 21-24 22-13 25-6 26-0 28-26 
3-8 4-10 6-8 7-0 14-8 16-12 
1-2 3-3 6-3 7-0 9-3 12-8 
0-10 1-1 3-3 4-4 6-11 7-15 9-9 16-21 
0-4 1-5 4-4 8-0 11-12 12-0 14-12 15-0 17-16 
0-11 1-6 2-6 3-13 5-3 6-11 8-16 9-3 12-3 13-13 16-6 19-3 22-3 23-13 26-19 
0-0 3-2 5-4 6-0 8-5 
0-3 1-14 3-4 5-2 7-4 9-7 10-14 13-4 15-7 17-8 19-10 20-4 22-17 
0-1 3-3 5-3 6-4 8-7 
3-3 5-6 6-7 7-7 8-7 9-9 11-11 12-12 
0-1 1-1 
2-8 5-5 7-5 8-6 10-1 11-8 13-11 15-13 
0-4 1-19 2-4 3-2 4-7 5-7 6-6 7-12 8-12 11-10 12-10 13-10 15-2 17-12 18-6 19-10 20-6 21-12 23-21 
0-0 1-1 3-6 4-2 6-6 7-6 9-4 11-12 
0-0 1-17 2-9 3-17 4-7 5-7 7-9 9-6 10-9 11-16 12-12 13-1 14-2 15-6 17-23 19-9 20-17 23-0 25-0 26-0 28-24 
0-11 1-1 3-3 10-5 11-14 14-3 17-20 
0-0 2-5 3-7 4-19 7-19 8-5 11-0 12-12 14-11 16-12 18-0 19-18 20-12 22-5 24-0 25-20 26-24 
0-1 1-1 3-1 4-1 7-3 
0-4 2-16 4-4 6-1 7-13 9-13 10-8 12-1 13-8 14-10 16-11 17-15 21-1 22-8 25-1 26-13 28-26 
0-7 2-3 4-7 5-5 7-5 8-3 10-7 12-7 14-5 16-5 17-0 18-0 20-7 21-0 23-17 27-21 
0-0 1-1 3-5 7-7 
0-12 1-0 4-9 5-2 8-4 9-8 10-4 11-2 15-9 16-0 18-5 20-4 21-4 22-17 
0-9 2-9 3-12 4-12 5-2 6-23 7-9 8-2 9-11 11-1 13-6 14-1 16-20 18-20 20-9 22-1 23-9 25-11 
0-5 4-6 7-9 8-11 9-9 11-12 
0-6 2-10 3-4 7-6 8-8 9-11 11-6 12-10 13-11 16-15 18-15 19-11 21-2 23-19 
0-0 2-3 7-0 
0-9 2-9 4-5 6-9 7-4 8-5 11-9 12-9 13-5 15-9 17-9 19-9 20-9 21-5 27-20 
0-3 1-1 3-3 6-0 7-8 10-11 
1-4 2-1 3-2 4-3 7-5 10-11 11-4 12-10 13-11 14-9 16-13 
3-1 5-8 
1-1 3-6 4-3 7-6 
1-1 2-3 3-3 8-5 9-8 13-12 
0-0 2-11 3-8 4-3 6-6 8-14 10-14 11-6 13-8 14-6 16-14 17-6 19-16 
0-1 1-1 2-0 5-4 
0-2 1-7 2-3 3-2 5-7 
1-2 2-1 3-2 4-3 8-8 
0-4 5-6 6-4 8-6 10-5 12-7 14-11 
0-1 1-14 2-2 5-2 7-14 9-14 11-2 14-2 15-14 17-18 
0-0 2-5 5-2 6-6 9-5 12-3 13-2 16-10 
0-1 1-8 2-1 3-2 4-3 6-2 8-3 9-9 10-3 11-9 12-0 13-14 15-8 16-13 19-17 
0-10 1-7 4-10 6-12 9-10 10-7 11-2 13-2 14-8 16-10 17-8 19-14 
0-3 1-1 4-4 
0-7 3-5 4-6 6-2 8-7 11-10 
0-11 1-5 3-2 4-12 5-13 7-7 10-1 11-18 13-12 14-12 16-1 17-10 18-6 21-16 22-19 23-17 24-1 25-19 28-21 
2-0 3-3 5-5 7-2 8-8 11-11 
0-3 2-2 4-2 7-15 8-8 10-3 11-2 13-15 14-15 16-17 
0-17 3-9 5-7 8-0 11-3 12-12 14-0 15-12 16-0 19-20 
0-1 3-7 4-1 6-20 7-20 9-10 10-1 12-10 13-1 16-10 17-1 21-10 23-20 
0-0 1-3 3-11 5-7 8-11 10-6 11-7 16-14 
0-3 1-5 2-3 3-5 
0-0 1-4 2-0 3-8 4-6 6-8 7-9 9-8 10-0 11-1 12-1 13-11 
0-7 2-0 3-0 5-3 8-11 
1-13 3-4 4-13 7-12 9-9 11-12 13-0 14-2 17-16 20-13 23-23 
0-2 5-9 6-2 8-16 
0-8 3-11 5-8 6-6 7-7 8-8 9-7 10-1 12-1 14-8 15-0 17-13 
0-3 2-3 5-9 6-9 8-9 10-0 11-3 13-13 
0-1 1-2 2-1 3-2 4-3 6-2 8-10 
0-0 2-1 5-0 7-6 
0-6 3-8 4-12 8-12 11-2 12-6 13-8 16-6 20-5 21-12 23-19 
0-4 1-4 3-9 4-7 6-9 7-2 10-7 11-2 14-9 
0-4 2-7 4-7 6-7 8-11 
0-2 2-2 3-2 5-9 7-5 8-9 11-11 
1-1 2-2 5-7 6-6 7-10 9-10 11-12 

3-2 5-5 6-8 9-8 11-8 13-13 
1-1 2-5 3-8 4-5 5-1 6-18 7-15 8-17 10-17 14-1 15-18 16-15 17-18 19-20 20-8 22-20 24-22 
0-7 1-6 2-8 3-8 8-1 9-3 11-8 12-3 14-17 
0-0 2-20 4-16 6-6 7-6 9-6 10-6 13-20 14-0 16-13 17-16 19-20 20-0 22-20 25-17 26-25 
0-1 1-1 3-4 
0-1 1-2 2-11 4-1 5-2 6-2 7-3 10-1 11-2 14-9 15-10 16-11 18-13 
0-0 2-7 3-16 4-6 5-4 6-2 8-4 11-7 14-4 16-12 17-17 19-19 
0-3 1-2 2-1 3-2 4-3 6-5 9-0 10-8 13-8 15-5 16-8 18-9 19-1 20-12 
0-22 4-13 8-1 9-22 10-11 11-16 12-17 14-22 17-16 18-22 21-13 22-8 24-11 27-11 29-25 
0-2 2-0 3-0 8-4 
0-0 1-6 2-1 4-3 5-15 9-4 11-6 13-8 15-15 17-18 20-15 22-6 25-26 
0-0 5-4 7-0 10-10 
0-0 1-1 5-7 6-17 7-17 8-5 9-11 10-17 14-9 17-9 20-18 
0-2 3-17 4-21 6-6 7-7 9-5 11-6 14-21 15-6 16-6 17-15 18-13 20-1 22-6 23-14 25-6 27-2 28-10 29-24 
0-9 1-8 3-8 5-15 6-14 7-10 8-11 10-10 11-6 13-5 15-10 16-6 17-6 18-12 19-14 21-17 
1-5 3-15 6-18 7-0 9-5 10-15 12-6 13-15 15-16 17-13 18-0 20-6 21-15 23-6 26-19 
0-0 2-18 3-14 4-7 5-2 6-5 8-10 9-14 12-2 15-5 16-6 18-18 19-2 23-23 
0-1 2-10 3-3 4-3 6-10 7-6 8-6 9-7 10-8 12-6 13-12 16-21 19-15 20-16 21-12 26-12 29-26 
0-0 2-6 5-3 6-3 8-8 9-3 11-0 13-8 14-0 16-8 17-0 19-11 
0-20 2-4 3-2 4-0 8-18 11-4 13-21 15-21 16-18 18-19 19-0 20-2 21-24 23-3 24-0 26-20 27-19 28-27 
0-5 1-0 2-12 3-0 5-3 7-5 11-5 12-17 14-12 15-14 18-12 21-9 
0-0 1-18 5-14 6-7 7-7 8-14 9-22 10-11 11-22 12-1 14-14 15-16 16-18 19-22 20-8 22-14 24-22 26-22 27-1 29-25 
0-1 6-6 7-7 9-6 12-13 16-3 18-18 21-21 
0-6 1-1 2-2 5-1 6-15 7-15 9-1 10-15 11-2 12-2 15-6 16-15 17-16 18-15 19-2 21-6 22-15 24-21 
0-0 4-11 5-0 7-10 12-0 15-0 17-0 19-0 22-11 
2-1 3-5 4-5 6-1 7-12 8-5 9-11 13-16 
0-14 6-4 7-5 9-24 10-14 12-4 13-14 16-24 17-4 18-14 20-14 22-27 
1-13 3-2 5-6 6-11 8-13 10-6 11-10 13-6 14-10 17-16 
0-11 2-4 6-4 7-7 10-6 13-11 15-17 
0-12 2-0 3-6 5-8 6-6 8-11 10-10 12-5 13-1 15-15 
1-2 3-2 5-5 7-7 
0-2 1-1 4-6 6-10 10-13 11-1 14-6 17-17 18-6 21-23 
1-3 2-1 3-2 4-9 5-3 7-3 10-3 13-12 14-0 16-15 
3-2 6-2 8-6 11-3 14-6 
0-6 2-3 4-3 6-3 7-4 9-0 10-6 12-9 
1-5 2-1 5-16 7-5 9-8 10-9 12-16 13-0 14-5 16-16 18-16 20-16 21-6 23-14 28-23 
0-3 1-1 2-1 3-3 4-1 5-3 6-3 7-6 9-8 10-6 11-10 12-11 15-1 16-13 18-3 19-6 21-8 23-20 
3-1 6-5 
0-7 2-2 4-5 6-2 7-2 9-2 10-7 15-9 
0-2 2-5 4-2 8-5 9-0 11-12 
0-7 3-4 5-8 9-6 13-13 14-6 16-6 17-11 20-13 22-13 23-4 25-24 
0-3 3-20 6-12 7-0 10-6 11-12 12-7 14-20 15-3 17-12 18-3 20-12 23-24 
3-3 4-4 7-3 12-7 
1-2 3-2 6-4 
0-0 1-1 2-2 3-2 4-2 6-5 7-5 8-24 10-9 13-20 14-1 16-14 19-18 21-24 22-25 23-9 24-25 25-26 
0-6 1-4 2-17 4-8 6-4 9-8 12-8 13-3 14-8 15-17 19-8 20-6 22-19 
0-5 2-3 4-6 7-19 8-6 12-1 13-6 16-19 17-6 21-24 
0-2 2-2 5-4 6-5 8-7 10-9 
1-1 2-3 4-5 
0-9 1-10 3-2 4-1 5-2 6-1 7-2 8-9 11-7 12-1 14-9 19-10 20-9 22-9 24-12 
0-7 1-4 2-5 3-0 4-4 6-4 7-5 9-14 10-1 11-7 16-14 
0-6 2-8 3-8 4-9 5-6 7-1 10-11 11-12 13-0 16-11 17-18 18-2 20-21 
0-4 2-2 3-9 4-11 6-11 7-13 9-15 10-9 12-9 14-2 16-8 17-15 18-6 20-10 21-9 22-7 23-19 
0-0 1-8 4-3 5-5 6-7 7-5 8-3 9-4 10-7 12-1 14-13 16-7 18-13 19-7 21-13 22-7 25-19 
1-6 2-0 4-20 6-6 7-0 10-0 12-13 13-0 19-14 20-6 21-17 22-13 23-0 24-0 26-21 
0-15 1-12 2-0 3-12 6-6 8-8 9-12 12-1 14-8 15-15 17-12 19-19 
0-4 1-4 4-8 7-4 9-0 10-8 12-0 14-13 15-8 17-16 
0-0 1-4 4-4 8-4 10-10 
0-22 1-2 2-12 4-3 5-6 7-8 13-3 16-8 18-3 19-6 21-8 22-6 25-22 
0-2 3-2 4-1 5-4 6-3 7-4 9-8 11-10 
0-2 1-4 3-4 6-6 7-19 9-9 10-7 12-9 14-11 15-9 17-9 22-9 24-9 25-7 27-19 29-22 
0-0 1-1 3-3 4-19 5-3 7-26 9-8 10-1 13-11 15-19 16-11 18-10 19-3 20-26 21-28 
0-0 1-15 3-3 4-4 6-6 7-4 10-10 11-4 15-15 17-4 18-15 19-6 20-4 21-6 22-18 
1-4 2-3 4-0 6-0 7-1 8-1 9-3 11-4 13-7 15-8 20-18 
1-2 4-0 7-5 9-7 12-1 13-11 15-13 16-5 17-11 19-1 21-11 23-18 
0-16 1-1 2-14 3-1 6-17 7-14 9-0 12-11 14-11 18-14 19-15 20-14 21-15 22-19 25-4 28-22 
0-6 2-7 3-8 5-4 6-5 7-5 8-2 10-2 12-12 
0-25 3-19 5-1 7-2 8-25 11-12 14-12 15-12 16-17 18-15 20-15 21-25 24-27 
0-1 1-2 2-1 3-2 5-5 
0-11 1-14 3-4 4-6 7-7 8-14 10-10 11-2 13-10 15-10 18-19 22-19 23-2 26-23 
1-2 2-2 7-5 
0-0 2-5 3-11 6-3 7-11 11-5 12-11 18-16 
0-7 4-7 7-1 9-7 11-4 14-18 
0-0 2-5 3-2 6-16 8-2 10-2 13-2 14-16 15-16 16-13 18-2 20-26 
0-12 1-2 2-4 3-11 4-1 5-2 8-13 9-4 11-1 13-1 14-1 17-16 
4-14 5-11 8-17 9-12 11-0 12-11 14-10 15-10 16-11 21-17 22-18 
0-0 2-13 3-0 6-17 9-3 12-8 15-12 16-13 17-19 18-14 21-14 22-3 25-29 
0-5 2-14 6-17 12-0 13-11 16-14 19-0 20-14 23-17 
0-1 4-0 5-8 10-8 14-12 
0-14 3-4 4-5 6-7 7-5 8-10 9-7 10-5 11-10 12-17 14-7 16-7 17-15 21-21 
0-1 2-4 3-0 4-0 6-1 7-0 10-7 
1-1 3-1 6-6 8-0 9-0 11-7 
0-12 2-4 5-2 6-4 10-4 11-5 13-12 14-1 15-1 17-16 
0-0 1-1 2-1 4-3 6-5 9-9 
0-4 2-4 3-4 5-2 7-4 9-9 
0-6 1-1 3-6 7-9 
0-4 1-4 2-4 3-0 5-2 6-0 9-6 
0-5 3-5 4-7 5-3 7-3 8-5 10-2 12-10 13-5 16-12 17-5 18-9 19-5 20-5 22-13 
0-4 2-6 3-0 6-6 8-0 10-6 12-6 14-11 
0-19 2-19 3-2 4-4 6-0 13-6 14-19 17-21 
1-1 3-1 4-1 8-17 9-1 11-6 14-0 17-1 21-1 22-1 24-20 
1-5 5-5 6-1 7-6 8-6 
0-4 4-1 7-1 8-8 9-4 13-11 
0-4 3-3 4-4 6-3 7-4 9-6 10-4 12-4 14-4 16-13 
0-0 4-4 
1-2 4-4 
1-1 2-2 4-4 7-7 8-2 11-3 14-15 
3-5 5-4 6-5 8-4 9-8 11-5 12-8 15-12 
1-0 2-4 3-7 6-9 
0-13 1-5 3-8 4-12 5-3 6-8 7-14 9-1 12-14 13-4 15-5 17-7 19-18 
0-0 2-13 5-0 6-14 8-13 10-0 11-14 14-16 
0-2 1-10 2-1 3-2 6-1 7-2 9-8 10-1 12-8 13-8 14-12 15-2 19-9 21-17 
0-3 2-2 3-1 4-10 5-1 6-2 7-5 8-10 10-5 11-10 13-5 15-10 19-5 20-10 23-19 
0-4 4-7 5-8 6-1 7-4 8-8 9-8 13-14 
0-0 5-9 8-9 9-7 13-9 17-19 
0-1 3-3 4-6 7-6 
0-0 1-1 2-2 3-0 8-13 10-2 12-18 13-2 15-0 17-2 18-0 20-20 
0-23 1-15 2-0 3-16 4-0 8-3 13-25 15-15 16-3 22-25 24-0 26-23 29-27 
0-25 1-1 3-20 5-16 7-16 9-8 12-20 13-3 14-0 16-8 20-22 22-26 
0-0 1-15 2-2 3-3 4-15 5-22 6-15 9-15 12-7 15-9 20-7 21-9 25-15 27-7 29-25 
3-0 5-5 6-2 8-5 10-7 11-8 12-8 13-8 14-10 
0-0 2-3 3-9 4-3 5-7 7-12 12-9 14-7 17-4 19-7 20-9 22-7 26-16 
0-16 4-10 5-16 6-16 7-10 8-12 11-5 13-18 
0-2 3-2 7-7 10-6 13-2 14-2 16-2 17-6 19-12 20-2 21-6 23-2 24-12 27-17 
0-9 4-9 6-5 7-5 8-11 9-5 12-9 13-9 15-9 16-5 17-9 20-14 
0-1 1-2 2-5 3-2 4-7 5-4 6-5 7-7 9-7 
0-6 4-3 7-3 10-0 13-0 16-3 
0-0 3-0 5-6 6-0 7-8 8-1 12-0 15-6 17-8 18-6 20-8 21-6 24-6 26-21 
0-2 1-1 3-2 7-5 
0-1 3-4 5-5 6-1 9-10 
1-0 2-6 3-3 4-15 5-12 7-12 8-4 10-9 11-6 12-4 14-6 15-4 17-20 
0-1 1-13 2-1 3-0 4-7 6-0 7-1 8-13 9-9 13-9 15-16 
0-2 2-0 3-1 5-11 6-5 8-1 9-5 12-2 14-14 
2-3 3-4 4-5 5-0 6-5 7-7 8-0 9-10 
0-2 1-4 2-7 5-4 6-5 7-1 9-2 12-0 13-15 14-16 15-4 16-16 17-1 18-2 20-17 
0-19 3-2 4-19 6-6 8-19 9-15 10-8 12-9 14-13 16-20 19-15 20-16 22-23 
0-16 2-2 3-16 5-2 6-4 7-8 10-8 11-16 14-6 16-0 19-15 20-17 21-11 23-17 24-20 
0-0 3-4 5-8 
0-1 2-0 3-1 5-0 7-1 9-7 12-7 14-5 18-19 
0-0 2-0 3-0 6-4 8-6 
0-0 1-0 2-5 3-1 8-5 
1-1 3-1 
1-10 2-19 4-6 5-19 7-17 8-19 11-17 12-10 13-19 14-17 15-1 16-19 18-17 21-10 22-19 24-6 25-19 28-21 
0-0 2-3 3-5 4-2 5-8 7-10 
0-3 2-3 4-4 6-2 7-3 8-13 10-2 11-3 16-3 19-11 21-17 
0-1 4-8 6-1 8-14 
0-8 1-8 3-2 7-8 9-2 11-19 12-9 14-2 15-8 18-8 20-7 22-2 24-2 25-9 27-22 
0-0 2-2 3-3 7-22 8-12 10-22 11-12 13-2 14-18 15-19 18-23 19-17 22-28 23-12 25-28 
0-0 2-4 5-7 
0-0 3-0 5-5 7-17 8-0 10-5 14-17 15-0 17-5 19-0 21-17 
0-12 1-2 5-8 7-2 8-8 11-1 13-17 
0-5 2-3 3-2 5-0 7-7 
0-1 2-4 5-4 6-5 9-4 12-4 14-12 15-5 17-4 18-13 20-15 
0-4 1-4 3-7 4-1 6-7 7-8 11-8 13-8 15-14 
0-0 2-0 4-0 5-0 7-15 9-2 12-9 13-6 15-11 17-15 19-16 
0-12 1-9 3-13 5-12 6-9 9-15 10-9 11-10 12-10 14-6 15-4 17-6 20-12 21-15 22-6 23-6 25-13 26-6 28-18 
0-0 1-1 3-3 4-11 7-11 9-8 12-17 13-9 15-21 
5-0 8-9 9-11 11-0 16-13 
0-19 3-3 5-5 6-3 7-7 8-3 10-9 11-15 12-9 15-1 16-13 18-13 19-3 20-3 22-3 23-12 25-15 28-21 
1-6 4-0 5-13 6-12 7-6 11-5 13-14 
0-1 1-2 2-2 4-7 5-2 7-9 
0-1 1-2 3-2 6-1 8-6 9-9 11-9 
0-3 1-10 2-3 4-1 5-1 6-10 7-10 8-5 11-10 14-13 
0-3 2-3 3-2 5-0 7-7 
0-4 2-5 3-5 4-4 5-3 7-4 9-3 10-5 12-5 14-7 
0-0 4-14 5-7 7-14 9-14 10-3 11-14 13-14 14-12 16-12 18-13 19-14 21-18 
0-0 4-4 5-0 10-10 
0-0 2-4 5-3 8-4 12-8 
1-1 
1-1 2-3 3-1 4-3 5-1 7-1 9-7 
0-12 5-4 7-12 8-4 12-7 14-12 15-7 17-12 18-7 20-15 22-16 
0-23 2-23 4-5 7-5 9-5 10-1 12-9 13-5 16-9 17-13 18-15 20-15 22-25 23-23 25-25 26-13 27-27 
0-3 2-10 5-7 6-3 8-10 9-5 12-10 13-5 15-7 18-7 19-5 21-16 
0-0 4-3 7-3 10-3 11-3 13-3 14-3 16-12 
2-4 5-1 
0-0 3-0 7-5 
0-6 1-6 2-4 4-6 7-9 8-9 9-6 10-4 14-2 15-4 16-18 17-6 19-6 21-4 23-23 
3-17 4-17 7-2 9-4 10-21 12-4 13-2 16-4 17-2 19-22 
0-5 2-7 5-9 8-2 9-5 11-7 13-9 15-12 
0-3 2-2 4-5 6-2 7-1 8-0 9-2 11-5 13-2 14-10 
0-0 1-0 3-9 4-3 6-10 7-2 9-9 10-0 12-9 13-6 15-12 
0-7 1-5 2-7 3-5 4-1 6-3 7-5 9-8 
0-0 2-2 4-0 6-4 
1-6 3-2 4-0 6-2 8-9 10-2 11-14 12-15 13-16 15-16 16-13 17-26 18-0 20-9 22-14 23-26 24-0 25-26 26-27 
0-2 2-6 3-0 4-0 5-3 8-12 9-0 11-7 12-19 16-18 17-2 24-19 25-2 26-18 27-20 
1-1 2-3 5-11 8-4 11-4 12-11 14-4 16-13 17-4 18-2 21-16 
2-3 4-2 7-12 8-12 9-3 12-17 14-3 16-2 18-17 20-19 
0-1 1-15 2-1 3-2 4-4 5-4 7-2 8-16 11-10 12-16 14-7 15-10 16-16 18-5 20-10 23-10 25-1 26-10 28-19 
0-8 1-2 2-8 3-2 4-7 6-4 8-10 10-10 12-7 15-13 
0-0 1-1 3-15 6-3 8-1 9-15 12-9 13-10 16-14 17-10 19-16 
1-10 4-6 5-9 6-10 7-5 9-10 11-6 12-1 14-0 15-9 16-10 18-9 20-11 
0-6 2-24 3-15 4-3 6-7 7-7 9-24 10-15 15-9 18-7 19-4 21-3 24-29 
0-0 5-3 6-4 7-6 9-6 11-0 13-9 15-9 16-14 17-14 19-0 20-9 22-0 23-3 24-9 28-17 
2-3 6-6 8-10 
0-0 2-3 3-0 9-3 10-0 12-3 15-13 
0-0 3-3 6-3 10-6 
0-0 1-5 4-4 6-13 8-13 11-13 12-4 15-2 17-0 19-22 20-6 22-19 23-6 25-4 28-28 
1-4 2-4 3-4 5-3 6-0 7-7 9-4 12-7 
0-19 1-1 3-4 4-0 7-4 9-0 11-10 13-0 16-2 17-17 18-2 19-4 20-0 22-4 23-2 25-20 
1-7 3-3 4-2 5-3 6-2 13-11 
1-3 2-2 3-3 4-1 5-4 7-6 8-6 11-3 12-4 14-6 15-6 16-13 
0-6 2-3 3-1 6-1 8-7 
0-8 1-8 2-8 5-11 8-11 10-11 12-8 14-6 15-11 17-0 19-11 21-16 
1-0 3-0 4-0 6-3 
0-2 4-2 6-7 
0-0 2-9 4-9 7-11 8-12 10-14 15-19 
0-17 4-3 5-4 7-3 8-4 9-10 10-10 11-12 12-12 13-12 14-12 16-4 17-17 18-18 20-22 
0-0 1-1 2-2 3-22 4-17 5-22 6-8 7-8 10-9 11-9 12-17 14-20 15-11 17-17 19-14 20-15 23-17 25-17 28-23 
0-11 1-13 2-0 3-3 4-11 6-1 8-11 9-3 10-13 12-2 14-13 17-6 19-1 21-13 22-2 25-15 
0-11 2-9 3-13 6-15 7-13 9-9 11-9 13-13 15-15 16-13 18-2 19-18 20-3 21-2 23-23 
2-6 3-6 7-6 8-4 11-2 12-3 13-11 
0-3 2-14 4-0 6-14 7-3 10-14 13-0 15-3 17-3 18-3 20-3 21-3 24-17 
0-10 3-3 4-4 5-5 6-3 8-5 11-3 14-16 
0-9 1-15 2-12 3-11 4-2 5-2 6-11 7-14 10-15 12-11 13-18 14-15 15-12 16-11 17-9 19-14 21-4 23-14 24-15 25-16 26-20 27-14 29-26 
0-10 1-1 3-3 4-3 5-10 7-18 8-10 11-14 13-18 14-9 16-18 18-3 20-18 22-6 23-18 25-22 
1-1 3-13 5-7 7-17 9-17 11-13 12-17 13-12 14-14 15-4 16-13 18-17 20-20 
1-1 2-3 6-3 8-7 11-3 15-11 
0-11 1-11 4-12 5-4 7-4 8-0 10-20 11-4 12-7 13-11 14-12 15-17 17-17 18-14 19-17 20-14 22-12 24-20 25-4 27-4 29-22 
1-2 3-4 4-5 7-10 8-1 10-12 11-12 13-14 
0-1 1-8 2-1 3-2 4-10 5-10 6-0 8-7 10-7 11-8 12-9 13-10 14-8 16-12 
0-1 1-2 2-1 3-2 4-5 5-7 8-5 9-6 12-3 14-7 
1-10 2-0 3-3 4-10 6-3 7-10 9-5 12-2 14-6 17-14 18-21 20-0 21-10 23-3 24-6 27-14 29-26 
1-10 2-11 4-13 6-4 7-14 9-8 10-13 11-2 17-2 19-2 20-14 23-20 
0-7 2-2 3-3 4-3 5-7 7-8 8-3 11-4 12-3 14-6 15-11 17-6 18-3 21-19 
1-1 2-5 6-5 
0-5 2-7 3-8 7-7 9-7 10-14 12-7 14-7 16-1 17-5 20-7 21-11 24-16 
2-2 4-4 5-6 6-6 7-4 8-6 9-4 10-2 12-4 13-2 15-9 16-12 
1-3 2-2 3-3 4-4 6-2 7-13 11-3 12-2 13-1 15-16 
1-1 3-5 4-1 5-6 6-5 7-0 11-9 
1-2 3-4 
0-0 2-2 3-2 4-4 6-12 8-12 9-5 11-10 12-12 13-5 16-2 19-16 
0-21 3-15 4-13 5-11 7-8 9-0 11-8 12-9 15-3 16-14 20-8 21-0 23-8 24-21 26-23 
0-10 2-7 5-4 6-2 8-4 11-11 12-11 14-10 17-4 19-4 21-11 22-18 23-19 24-11 25-21 
0-11 1-9 3-11 4-16 5-7 6-15 8-15 9-16 10-9 16-16 
0-1 1-7 2-1 3-10 4-3 7-6 8-7 9-8 10-8 13-1 15-14 16-10 18-17 
0-1 2-9 3-4 5-7 7-7 10-7 11-1 13-13 
1-2 2-3 3-3 4-15 5-11 6-3 7-7 10-7 12-7 13-9 14-9 15-11 16-3 18-15 
0-1 1-12 2-1 3-2 4-8 7-20 8-12 15-26 
1-15 2-8 4-5 6-5 7-7 8-8 11-14 12-15 16-14 17-8 18-17 19-18 
0-1 1-3 2-1 3-2 4-9 6-5 7-3 10-5 11-0 15-15 
1-24 3-3 5-5 6-5 8-9 9-24 11-20 13-5 14-24 17-17 18-24 21-24 22-22 24-24 25-22 26-26 27-26 28-28 
0-0 3-3 4-4 7-3 8-0 12-0 14-16 16-0 18-20 19-0 21-20 22-0 24-25 
1-1 4-1 6-5 9-5 12-8 13-8 15-9 
0-0 3-2 4-3 6-3 8-6 
